# JRE version: Java(TM) SE Runtime Environment (8.0_121-b13) (build 1.8.0_121-b13)
# Java VM: Java HotSpot(TM) Server VM (25.121-b13 mixed mode linux-x86 )
Heap:
 PSYoungGen      total 62976K, used 4595K [0x97c00000, 0x9be40000, 0xa7000000)
  eden space 58368K, 0% used [0x97c00000,0x97c00000,0x9b500000)
  from space 4608K, 99% used [0x9b500000,0x9b97cf88,0x9b980000)
  to   space 4352K, 0% used [0x9b980000,0x9b980000,0x9bdc0000)
 ParOldGen       total 23296K, used 8405K [0x79400000, 0x7aac0000, 0x97c00000)
  object space 23296K, 36% used [0x79400000,0x79c35630,0x7aac0000)
 Metaspace       used 19056K, capacity 19718K, committed 19840K, reserved 20784K
GC Heap History (10 events):
Event: 7.691 GC heap after
Heap after GC invocations=9 (full 0):
 PSYoungGen      total 26624K, used 2122K [0x97c00000, 0x9a700000, 0xa7000000)
  eden space 23040K, 0% used [0x97c00000,0x97c00000,0x99280000)
  from space 3584K, 59% used [0x99280000,0x99492aa0,0x99600000)
  to   space 3584K, 0% used [0x9a380000,0x9a380000,0x9a700000)
 ParOldGen       total 31488K, used 7152K [0x79400000, 0x7b2c0000, 0x97c00000)
  object space 31488K, 22% used [0x79400000,0x79afc188,0x7b2c0000)
 Metaspace       used 12089K, capacity 12500K, committed 12568K, reserved 12592K
}
Event: 7.824 GC heap before
{Heap before GC invocations=10 (full 0):
 PSYoungGen      total 26624K, used 25162K [0x97c00000, 0x9a700000, 0xa7000000)
  eden space 23040K, 100% used [0x97c00000,0x99280000,0x99280000)
  from space 3584K, 59% used [0x99280000,0x99492aa0,0x99600000)
  to   space 3584K, 0% used [0x9a380000,0x9a380000,0x9a700000)
 ParOldGen       total 31488K, used 7152K [0x79400000, 0x7b2c0000, 0x97c00000)
  object space 31488K, 22% used [0x79400000,0x79afc188,0x7b2c0000)
 Metaspace       used 12708K, capacity 13108K, committed 13208K, reserved 13616K
Event: 7.828 GC heap after
Heap after GC invocations=10 (full 0):
 PSYoungGen      total 40192K, used 1043K [0x97c00000, 0x9a780000, 0xa7000000)
  eden space 36608K, 0% used [0x97c00000,0x97c00000,0x99fc0000)
  from space 3584K, 29% used [0x9a380000,0x9a484ca0,0x9a700000)
  to   space 3840K, 0% used [0x99fc0000,0x99fc0000,0x9a380000)
 ParOldGen       total 31488K, used 7857K [0x79400000, 0x7b2c0000, 0x97c00000)
  object space 31488K, 24% used [0x79400000,0x79bac720,0x7b2c0000)
 Metaspace       used 12708K, capacity 13108K, committed 13208K, reserved 13616K
}
Event: 9.371 GC heap before
{Heap before GC invocations=11 (full 0):
 PSYoungGen      total 40192K, used 37651K [0x97c00000, 0x9a780000, 0xa7000000)
  eden space 36608K, 100% used [0x97c00000,0x99fc0000,0x99fc0000)
  from space 3584K, 29% used [0x9a380000,0x9a484ca0,0x9a700000)
  to   space 3840K, 0% used [0x99fc0000,0x99fc0000,0x9a380000)
 ParOldGen       total 31488K, used 7857K [0x79400000, 0x7b2c0000, 0x97c00000)
  object space 31488K, 24% used [0x79400000,0x79bac720,0x7b2c0000)
 Metaspace       used 14866K, capacity 15355K, committed 15384K, reserved 15664K
Event: 9.381 GC heap after
Heap after GC invocations=11 (full 0):
 PSYoungGen      total 40448K, used 3824K [0x97c00000, 0x9bdc0000, 0xa7000000)
  eden space 36608K, 0% used [0x97c00000,0x97c00000,0x99fc0000)
  from space 3840K, 99% used [0x99fc0000,0x9a37c210,0x9a380000)
  to   space 4352K, 0% used [0x9b980000,0x9b980000,0x9bdc0000)
 ParOldGen       total 31488K, used 8876K [0x79400000, 0x7b2c0000, 0x97c00000)
  object space 31488K, 28% used [0x79400000,0x79cab320,0x7b2c0000)
 Metaspace       used 14866K, capacity 15355K, committed 15384K, reserved 15664K
}
Event: 17.479 GC heap before
{Heap before GC invocations=12 (full 0):
 PSYoungGen      total 40448K, used 16509K [0x97c00000, 0x9bdc0000, 0xa7000000)
  eden space 36608K, 34% used [0x97c00000,0x988635a0,0x99fc0000)
  from space 3840K, 99% used [0x99fc0000,0x9a37c210,0x9a380000)
  to   space 4352K, 0% used [0x9b980000,0x9b980000,0x9bdc0000)
 ParOldGen       total 31488K, used 8876K [0x79400000, 0x7b2c0000, 0x97c00000)
  object space 31488K, 28% used [0x79400000,0x79cab320,0x7b2c0000)
 Metaspace       used 15830K, capacity 16359K, committed 16384K, reserved 16688K
Event: 17.591 GC heap after
Heap after GC invocations=12 (full 0):
 PSYoungGen      total 62720K, used 1473K [0x97c00000, 0x9be40000, 0xa7000000)
  eden space 58368K, 0% used [0x97c00000,0x97c00000,0x9b500000)
  from space 4352K, 33% used [0x9b980000,0x9baf0598,0x9bdc0000)
  to   space 4608K, 0% used [0x9b500000,0x9b500000,0x9b980000)
 ParOldGen       total 31488K, used 10335K [0x79400000, 0x7b2c0000, 0x97c00000)
  object space 31488K, 32% used [0x79400000,0x79e17ee0,0x7b2c0000)
 Metaspace       used 15830K, capacity 16359K, committed 16384K, reserved 16688K
}
Event: 17.591 GC heap before
{Heap before GC invocations=13 (full 1):
 PSYoungGen      total 62720K, used 1473K [0x97c00000, 0x9be40000, 0xa7000000)
  eden space 58368K, 0% used [0x97c00000,0x97c00000,0x9b500000)
  from space 4352K, 33% used [0x9b980000,0x9baf0598,0x9bdc0000)
  to   space 4608K, 0% used [0x9b500000,0x9b500000,0x9b980000)
 ParOldGen       total 31488K, used 10335K [0x79400000, 0x7b2c0000, 0x97c00000)
  object space 31488K, 32% used [0x79400000,0x79e17ee0,0x7b2c0000)
 Metaspace       used 15830K, capacity 16359K, committed 16384K, reserved 16688K
Event: 17.665 GC heap after
Heap after GC invocations=13 (full 1):
 PSYoungGen      total 62720K, used 0K [0x97c00000, 0x9be40000, 0xa7000000)
  eden space 58368K, 0% used [0x97c00000,0x97c00000,0x9b500000)
  from space 4352K, 0% used [0x9b980000,0x9b980000,0x9bdc0000)
  to   space 4608K, 0% used [0x9b500000,0x9b500000,0x9b980000)
 ParOldGen       total 23296K, used 6509K [0x79400000, 0x7aac0000, 0x97c00000)
  object space 23296K, 27% used [0x79400000,0x79a5b438,0x7aac0000)
 Metaspace       used 15830K, capacity 16359K, committed 16384K, reserved 16688K
}
Event: 28.813 GC heap before
{Heap before GC invocations=14 (full 1):
 PSYoungGen      total 62720K, used 58368K [0x97c00000, 0x9be40000, 0xa7000000)
  eden space 58368K, 100% used [0x97c00000,0x9b500000,0x9b500000)
  from space 4352K, 0% used [0x9b980000,0x9b980000,0x9bdc0000)
  to   space 4608K, 0% used [0x9b500000,0x9b500000,0x9b980000)
 ParOldGen       total 23296K, used 6509K [0x79400000, 0x7aac0000, 0x97c00000)
  object space 23296K, 27% used [0x79400000,0x79a5b438,0x7aac0000)
 Metaspace       used 19056K, capacity 19718K, committed 19840K, reserved 20784K

